<?xml version="1.0" encoding="UTF-8"?>
<!-- Generated by org.testng.reporters.JUnitXMLReporter -->
<testsuite ignored="0" hostname="Lenovo-PC" failures="0" tests="4" name="Default test" time="0.067" errors="0" timestamp="2021-08-08T20:12:25 IST">
  <testcase classname="com.qa.tests.DemoTest" name="div" time="0.011"/>
  <testcase classname="com.qa.tests.DemoTest" name="multi" time="0.002"/>
  <testcase classname="com.qa.tests.DemoTest" name="sub" time="0.001"/>
  <testcase classname="com.qa.tests.DemoTest" name="sum" time="0.002"/>
</testsuite> <!-- Default test -->
